Using pre-set license
Desktop is 1920 x 1080 @ 60 Hz

 COMMAND LINE ARGUMENTS:
Unity
-adb2
-batchMode
-noUpm
-name
AssetImportWorker0
-projectPath
/home/rafs1303/Documents/Projetos/Protoype
-logFile
Logs/AssetImportWorker0.log
-srvPort
38367
Successfully changed project path to: /home/rafs1303/Documents/Projetos/Protoype
/home/rafs1303/Documents/Projetos/Protoype
Using Asset Import Pipeline V2.
Refreshing native plugins compatible for Editor in 76,79 ms, found 1 plugins.
Preloading 0 native plugins for Editor in 0,00 ms.
Initialize engine version: 2020.2.7f1 (c53830e277f1)
[Subsystems] Discovering subsystems at path /home/rafs1303/Documents/Unity/2020.2.7f1/Editor/Data/Resources/UnitySubsystems
[Subsystems] Discovering subsystems at path /home/rafs1303/Documents/Projetos/Protoype/Assets
GLX Extensions: GLX_ARB_create_context GLX_ARB_create_context_no_error GLX_ARB_create_context_profile GLX_ARB_create_context_robustness GLX_ARB_fbconfig_float GLX_ARB_framebuffer_sRGB GLX_ARB_get_proc_address GLX_ARB_multisample GLX_EXT_buffer_age GLX_EXT_create_context_es2_profile GLX_EXT_create_context_es_profile GLX_EXT_fbconfig_packed_float GLX_EXT_framebuffer_sRGB GLX_EXT_import_context GLX_EXT_texture_from_pixmap GLX_EXT_visual_info GLX_EXT_visual_rating GLX_INTEL_swap_event GLX_MESA_copy_sub_buffer GLX_MESA_query_renderer GLX_MESA_swap_control GLX_OML_swap_method GLX_OML_sync_control GLX_SGIS_multisample GLX_SGIX_fbconfig GLX_SGIX_pbuffer GLX_SGIX_visual_select_group GLX_SGI_make_current_read GLX_SGI_swap_control GLX_SGI_video_sync 
Renderer: Mesa DRI Intel(R) HD Graphics 4400 (HSW GT2)
Vendor:   Intel Open Source Technology Center
Version:  4.5 (Core Profile) Mesa 20.0.8
GLES:     0
 GL_3DFX_texture_compression_FXT1 GL_AMD_conservative_depth GL_AMD_draw_buffers_blend GL_AMD_multi_draw_indirect GL_AMD_query_buffer_object GL_AMD_seamless_cubemap_per_texture GL_AMD_shader_trinary_minmax GL_AMD_texture_texture4 GL_AMD_vertex_shader_layer GL_AMD_vertex_shader_viewport_index GL_ANGLE_texture_compression_dxt3 GL_ANGLE_texture_compression_dxt5 GL_APPLE_object_purgeable GL_ARB_ES2_compatibility GL_ARB_ES3_1_compatibility GL_ARB_ES3_compatibility GL_ARB_arrays_of_arrays GL_ARB_base_instance GL_ARB_blend_func_extended GL_ARB_buffer_storage GL_ARB_clear_buffer_object GL_ARB_clear_texture GL_ARB_clip_control GL_ARB_compressed_texture_pixel_storage GL_ARB_compute_shader GL_ARB_conditional_render_inverted GL_ARB_conservative_depth GL_ARB_copy_buffer GL_ARB_copy_image GL_ARB_cull_distance GL_ARB_debug_output GL_ARB_depth_buffer_float GL_ARB_depth_clamp GL_ARB_derivative_control GL_ARB_direct_state_access GL_ARB_draw_buffers GL_ARB_draw_buffers_blend GL_ARB_draw_elements_base_vertex GL_ARB_draw_indirect
 GL_ARB_draw_instanced GL_ARB_enhanced_layouts GL_ARB_explicit_attrib_location GL_ARB_explicit_uniform_location GL_ARB_fragment_coord_conventions GL_ARB_fragment_layer_viewport GL_ARB_fragment_shader GL_ARB_framebuffer_no_attachments GL_ARB_framebuffer_object GL_ARB_framebuffer_sRGB GL_ARB_get_program_binary GL_ARB_get_texture_sub_image GL_ARB_gl_spirv GL_ARB_gpu_shader5 GL_ARB_gpu_shader_fp64 GL_ARB_half_float_pixel GL_ARB_half_float_vertex GL_ARB_indirect_parameters GL_ARB_instanced_arrays GL_ARB_internalformat_query GL_ARB_internalformat_query2 GL_ARB_invalidate_subdata GL_ARB_map_buffer_alignment GL_ARB_map_buffer_range GL_ARB_multi_bind GL_ARB_multi_draw_indirect GL_ARB_occlusion_query2 GL_ARB_parallel_shader_compile GL_ARB_pipeline_statistics_query GL_ARB_pixel_buffer_object GL_ARB_point_sprite GL_ARB_polygon_offset_clamp GL_ARB_program_interface_query GL_ARB_provoking_vertex GL_ARB_query_buffer_object GL_ARB_robust_buffer_access_behavior GL_ARB_robustness GL_ARB_sample_shading GL_ARB_sampler_objects G
L_ARB_seamless_cube_map GL_ARB_seamless_cubemap_per_texture GL_ARB_separate_shader_objects GL_ARB_shader_atomic_counter_ops GL_ARB_shader_atomic_counters GL_ARB_shader_bit_encoding GL_ARB_shader_clock GL_ARB_shader_draw_parameters GL_ARB_shader_group_vote GL_ARB_shader_image_load_store GL_ARB_shader_image_size GL_ARB_shader_objects GL_ARB_shader_precision GL_ARB_shader_storage_buffer_object GL_ARB_shader_subroutine GL_ARB_shader_texture_image_samples GL_ARB_shader_texture_lod GL_ARB_shader_viewport_layer_array GL_ARB_shading_language_420pack GL_ARB_shading_language_include GL_ARB_shading_language_packing GL_ARB_spirv_extensions GL_ARB_stencil_texturing GL_ARB_sync GL_ARB_tessellation_shader GL_ARB_texture_barrier GL_ARB_texture_buffer_object GL_ARB_texture_buffer_object_rgb32 GL_ARB_texture_buffer_range GL_ARB_texture_compression_bptc GL_ARB_texture_compression_rgtc GL_ARB_texture_cube_map_array GL_ARB_texture_filter_anisotropic GL_ARB_texture_float GL_ARB_texture_gather GL_ARB_texture_mirror_clamp_to_edge G
L_ARB_texture_multisample GL_ARB_texture_non_power_of_two GL_ARB_texture_query_levels GL_ARB_texture_query_lod GL_ARB_texture_rectangle GL_ARB_texture_rg GL_ARB_texture_rgb10_a2ui GL_ARB_texture_stencil8 GL_ARB_texture_storage GL_ARB_texture_storage_multisample GL_ARB_texture_swizzle GL_ARB_texture_view GL_ARB_timer_query GL_ARB_transform_feedback2 GL_ARB_transform_feedback3 GL_ARB_transform_feedback_instanced GL_ARB_transform_feedback_overflow_query GL_ARB_uniform_buffer_object GL_ARB_vertex_array_bgra GL_ARB_vertex_array_object GL_ARB_vertex_attrib_64bit GL_ARB_vertex_attrib_binding GL_ARB_vertex_buffer_object GL_ARB_vertex_shader GL_ARB_vertex_type_10f_11f_11f_rev GL_ARB_vertex_type_2_10_10_10_rev GL_ARB_viewport_array GL_ATI_blend_equation_separate GL_ATI_texture_float GL_EXT_EGL_image_storage GL_EXT_EGL_sync GL_EXT_abgr GL_EXT_blend_equation_separate GL_EXT_demote_to_helper_invocation GL_EXT_draw_buffers2 GL_EXT_draw_instanced GL_EXT_framebuffer_blit GL_EXT_framebuffer_multisample GL_EXT_framebuffer_mul
tisample_blit_scaled GL_EXT_framebuffer_object GL_EXT_framebuffer_sRGB GL_EXT_packed_depth_stencil GL_EXT_packed_float GL_EXT_pixel_buffer_object GL_EXT_polygon_offset_clamp GL_EXT_provoking_vertex GL_EXT_shader_framebuffer_fetch_non_coherent GL_EXT_shader_integer_mix GL_EXT_shader_samples_identical GL_EXT_texture_array GL_EXT_texture_compression_dxt1 GL_EXT_texture_compression_rgtc GL_EXT_texture_compression_s3tc GL_EXT_texture_filter_anisotropic GL_EXT_texture_integer GL_EXT_texture_sRGB GL_EXT_texture_sRGB_R8 GL_EXT_texture_sRGB_decode GL_EXT_texture_shadow_lod GL_EXT_texture_shared_exponent GL_EXT_texture_snorm GL_EXT_texture_swizzle GL_EXT_timer_query GL_EXT_transform_feedback GL_EXT_vertex_array_bgra GL_EXT_vertex_attrib_64bit GL_IBM_multimode_draw_arrays GL_INTEL_performance_query GL_KHR_blend_equation_advanced GL_KHR_context_flush_control GL_KHR_debug GL_KHR_no_error GL_KHR_parallel_shader_compile GL_KHR_robust_buffer_access_behavior GL_KHR_robustness GL_MESA_framebuffer_flip_y GL_MESA_pack_invert GL
_MESA_shader_integer_functions GL_MESA_texture_signed_rgba GL_NV_compute_shader_derivatives GL_NV_conditional_render GL_NV_depth_clamp GL_NV_packed_depth_stencil GL_NV_texture_barrier GL_OES_EGL_image GL_S3_s3tc
OPENGL LOG: Creating OpenGL 4.5 graphics device ; Context level  <OpenGL 4.5> ; Context handle -1519578608
Initialize mono
Mono path[0] = '/home/rafs1303/Documents/Unity/2020.2.7f1/Editor/Data/Managed'
Mono path[1] = '/home/rafs1303/Documents/Unity/2020.2.7f1/Editor/Data/MonoBleedingEdge/lib/mono/unityjit'
Mono config path = '/home/rafs1303/Documents/Unity/2020.2.7f1/Editor/Data/MonoBleedingEdge/etc'
Using monoOptions --debugger-agent=transport=dt_socket,embedding=1,server=y,suspend=n,address=127.0.0.1:56067
Begin MonoManager ReloadAssembly
Registering precompiled unity dll's ...
Register platform support module: /home/rafs1303/Documents/Unity/2020.2.7f1/Editor/Data/PlaybackEngines/LinuxStandaloneSupport/UnityEditor.LinuxStandalone.Extensions.dll
Registered in 0,002811 seconds.
Native extension for LinuxStandalone target not found
Refreshing native plugins compatible for Editor in 87,96 ms, found 1 plugins.
Preloading 0 native plugins for Editor in 0,00 ms.
Invoked RoslynAnalysisRunner static constructor.
RoslynAnalysisRunner will not be running.
RoslynAnalysisRunner has terminated.
Mono: successfully reloaded assembly
- Completed reload, in  2,335 seconds
Platform modules already initialized, skipping
Registering precompiled user dll's ...
Registered in 0,001343 seconds.
Begin MonoManager ReloadAssembly
Native extension for LinuxStandalone target not found
Refreshing native plugins compatible for Editor in 84,27 ms, found 1 plugins.
Preloading 0 native plugins for Editor in 0,00 ms.
Invoked RoslynAnalysisRunner static constructor.
RoslynAnalysisRunner will not be running.
RoslynAnalysisRunner has terminated.
Mono: successfully reloaded assembly
- Completed reload, in  2,085 seconds
Platform modules already initialized, skipping
========================================================================
Worker process is ready to serve import requests
Launched and connected shader compiler UnityShaderCompiler after 0.02 seconds
Refreshing native plugins compatible for Editor in 0,55 ms, found 1 plugins.
Preloading 0 native plugins for Editor in 0,00 ms.
Unloading 1806 Unused Serialized files (Serialized files now loaded: 0)
System memory in use before: 78,7 MB.
System memory in use after: 78,7 MB.

Unloading 24 unused Assets to reduce memory usage. Loaded Objects now: 2248.
Total: 6,938963 ms (FindLiveObjects: 0,454209 ms CreateObjectMapping: 0,263003 ms MarkObjects: 5,636187 ms  DeleteObjects: 0,582288 ms)

========================================================================
Received Import Request.
  path: Assets/_Scenes/SampleScene.unity
  artifactKey: Guid(2cda990e2423bbf4892e6590ba056729) Importer(815301076,1909f56bfc062723c751e8b465ee728b)
Start importing Assets/_Scenes/SampleScene.unity using Guid(2cda990e2423bbf4892e6590ba056729) Importer(815301076,1909f56bfc062723c751e8b465ee728b)  -> (artifact id: 'f4cd3df2f2677441bbab50587d11e9a2') in 0,045606 seconds
  Import took 0,052969 seconds .

========================================================================
Received Import Request.
  Time since last request: 0,000287 seconds.
  path: Assets/_Scenes
  artifactKey: Guid(4624a96380c9307b88b4fbb88906bd49) Importer(815301076,1909f56bfc062723c751e8b465ee728b)
Start importing Assets/_Scenes using Guid(4624a96380c9307b88b4fbb88906bd49) Importer(815301076,1909f56bfc062723c751e8b465ee728b)  -> (artifact id: '18d8f7e5272f27242295d6107ddb4357') in 0,001144 seconds
  Import took 0,006565 seconds .

========================================================================
Received Import Request.
  Time since last request: 7,220481 seconds.
  path: Assets/_Scenes/Prototype.unity
  artifactKey: Guid(2cda990e2423bbf4892e6590ba056729) Importer(815301076,1909f56bfc062723c751e8b465ee728b)
Start importing Assets/_Scenes/Prototype.unity using Guid(2cda990e2423bbf4892e6590ba056729) Importer(815301076,1909f56bfc062723c751e8b465ee728b)  -> (artifact id: '4e9f6c351b3a961ffffd8cbea46a75d9') in 0,001973 seconds
  Import took 0,010988 seconds .

========================================================================
Received Import Request.
  Time since last request: 175,922129 seconds.
  path: ProjectSettings/TagManager.asset
  artifactKey: Guid(00000000000000003000000000000000) Importer(815301076,1909f56bfc062723c751e8b465ee728b)
Start importing ProjectSettings/TagManager.asset using Guid(00000000000000003000000000000000) Importer(815301076,1909f56bfc062723c751e8b465ee728b)  -> (artifact id: '48bee843c698d9ab3dae6dfd10a6554a') in 0,003725 seconds
  Import took 0,038111 seconds .

========================================================================
Received Import Request.
  Time since last request: 0,022689 seconds.
  path: ProjectSettings/TagManager.asset
  artifactKey: Guid(00000000000000003000000000000000) Importer(815301076,1909f56bfc062723c751e8b465ee728b)
Start importing ProjectSettings/TagManager.asset using Guid(00000000000000003000000000000000) Importer(815301076,1909f56bfc062723c751e8b465ee728b)  -> (artifact id: '48bee843c698d9ab3dae6dfd10a6554a') in 0,001856 seconds
  Import took 0,007202 seconds .

========================================================================
Received Import Request.
  Time since last request: 284,229628 seconds.
  path: Assets/_Scenes/Prototype.unity
  artifactKey: Guid(2cda990e2423bbf4892e6590ba056729) Importer(815301076,1909f56bfc062723c751e8b465ee728b)
Start importing Assets/_Scenes/Prototype.unity using Guid(2cda990e2423bbf4892e6590ba056729) Importer(815301076,1909f56bfc062723c751e8b465ee728b)  -> (artifact id: 'f4a917d1f601420d0699a2b71959a1cc') in 0,002220 seconds
  Import took 0,007789 seconds .

========================================================================
Received Import Request.
  Time since last request: 2143,511984 seconds.
  path: Assets
  artifactKey: Guid(00000000000000001000000000000000) Importer(815301076,1909f56bfc062723c751e8b465ee728b)
Start importing Assets using Guid(00000000000000001000000000000000) Importer(815301076,1909f56bfc062723c751e8b465ee728b)  -> (artifact id: 'f89434ac489deb914593f829e0a47671') in 0,001685 seconds
  Import took 0,009635 seconds .

========================================================================
Received Import Request.
  Time since last request: 7,338608 seconds.
  path: Assets/NewBehaviourScript.cs
  artifactKey: Guid(e420b8d0c6fb1c5ef919bafdb29d2efa) Importer(815301076,1909f56bfc062723c751e8b465ee728b)
Start importing Assets/NewBehaviourScript.cs using Guid(e420b8d0c6fb1c5ef919bafdb29d2efa) Importer(815301076,1909f56bfc062723c751e8b465ee728b)  -> (artifact id: '148eef54c5ded5d81e4d50837270d945') in 0,003213 seconds
  Import took 0,011537 seconds .

========================================================================
Received Import Request.
  Time since last request: 0,002876 seconds.
  path: Assets/NewBehaviourScript.cs
  artifactKey: Guid(e420b8d0c6fb1c5ef919bafdb29d2efa) Importer(815301076,1909f56bfc062723c751e8b465ee728b)
Start importing Assets/NewBehaviourScript.cs using Guid(e420b8d0c6fb1c5ef919bafdb29d2efa) Importer(815301076,1909f56bfc062723c751e8b465ee728b)  -> (artifact id: '148eef54c5ded5d81e4d50837270d945') in 0,001830 seconds
  Import took 0,011327 seconds .

========================================================================
Received Prepare
Registering precompiled user dll's ...
Registered in 0,002119 seconds.
Begin MonoManager ReloadAssembly
Native extension for LinuxStandalone target not found
Refreshing native plugins compatible for Editor in 0,66 ms, found 1 plugins.
Preloading 0 native plugins for Editor in 0,00 ms.
Invoked RoslynAnalysisRunner static constructor.
RoslynAnalysisRunner will not be running.
RoslynAnalysisRunner has terminated.
Mono: successfully reloaded assembly
- Completed reload, in  1,761 seconds
Platform modules already initialized, skipping
Refreshing native plugins compatible for Editor in 0,64 ms, found 1 plugins.
Preloading 0 native plugins for Editor in 0,00 ms.
Unloading 1802 Unused Serialized files (Serialized files now loaded: 0)
System memory in use before: 78,7 MB.
System memory in use after: 78,7 MB.

Unloading 14 unused Assets to reduce memory usage. Loaded Objects now: 2253.
Total: 10,236904 ms (FindLiveObjects: 0,442863 ms CreateObjectMapping: 0,183588 ms MarkObjects: 9,341331 ms  DeleteObjects: 0,263810 ms)

========================================================================
Received Prepare
Registering precompiled user dll's ...
Registered in 0,001431 seconds.
Begin MonoManager ReloadAssembly
Native extension for LinuxStandalone target not found
Refreshing native plugins compatible for Editor in 0,55 ms, found 1 plugins.
Preloading 0 native plugins for Editor in 0,00 ms.
Invoked RoslynAnalysisRunner static constructor.
RoslynAnalysisRunner will not be running.
RoslynAnalysisRunner has terminated.
Mono: successfully reloaded assembly
- Completed reload, in  1,725 seconds
Platform modules already initialized, skipping
Refreshing native plugins compatible for Editor in 0,53 ms, found 1 plugins.
Preloading 0 native plugins for Editor in 0,00 ms.
Unloading 1801 Unused Serialized files (Serialized files now loaded: 0)
System memory in use before: 78,7 MB.
System memory in use after: 78,8 MB.

Unloading 13 unused Assets to reduce memory usage. Loaded Objects now: 2256.
Total: 5,648657 ms (FindLiveObjects: 0,329599 ms CreateObjectMapping: 0,127216 ms MarkObjects: 4,928481 ms  DeleteObjects: 0,259866 ms)

========================================================================
Received Import Request.
  Time since last request: 25,871766 seconds.
  path: Assets/Scripts
  artifactKey: Guid(028dea4d39fcd331e8c3f01f2722cee7) Importer(815301076,1909f56bfc062723c751e8b465ee728b)
Start importing Assets/Scripts using Guid(028dea4d39fcd331e8c3f01f2722cee7) Importer(815301076,1909f56bfc062723c751e8b465ee728b)  -> (artifact id: '1c337ba659387f9b6e2d26e545ab91a7') in 0,007298 seconds
  Import took 0,014457 seconds .

========================================================================
Received Import Request.
  Time since last request: 9,208341 seconds.
  path: Assets/Scripts/Player.cs
  artifactKey: Guid(fda08d1ecdbef298ebccfc7a361820a0) Importer(815301076,1909f56bfc062723c751e8b465ee728b)
Start importing Assets/Scripts/Player.cs using Guid(fda08d1ecdbef298ebccfc7a361820a0) Importer(815301076,1909f56bfc062723c751e8b465ee728b)  -> (artifact id: '8a151173ffd9c76b2d604c3d9564ce09') in 0,003547 seconds
  Import took 0,012631 seconds .

========================================================================
Received Import Request.
  Time since last request: 0,005500 seconds.
  path: Assets/Scripts/Player.cs
  artifactKey: Guid(fda08d1ecdbef298ebccfc7a361820a0) Importer(815301076,1909f56bfc062723c751e8b465ee728b)
Start importing Assets/Scripts/Player.cs using Guid(fda08d1ecdbef298ebccfc7a361820a0) Importer(815301076,1909f56bfc062723c751e8b465ee728b)  -> (artifact id: '8a151173ffd9c76b2d604c3d9564ce09') in 0,001850 seconds
  Import took 0,011549 seconds .

========================================================================
Received Prepare
Registering precompiled user dll's ...
Registered in 0,001277 seconds.
Begin MonoManager ReloadAssembly
Native extension for LinuxStandalone target not found
Refreshing native plugins compatible for Editor in 0,54 ms, found 1 plugins.
Preloading 0 native plugins for Editor in 0,00 ms.
Invoked RoslynAnalysisRunner static constructor.
RoslynAnalysisRunner will not be running.
RoslynAnalysisRunner has terminated.
Mono: successfully reloaded assembly
- Completed reload, in  1,662 seconds
Platform modules already initialized, skipping
Refreshing native plugins compatible for Editor in 0,61 ms, found 1 plugins.
Preloading 0 native plugins for Editor in 0,00 ms.
Unloading 1802 Unused Serialized files (Serialized files now loaded: 0)
System memory in use before: 78,8 MB.
System memory in use after: 78,8 MB.

Unloading 12 unused Assets to reduce memory usage. Loaded Objects now: 2261.
Total: 6,736631 ms (FindLiveObjects: 0,410769 ms CreateObjectMapping: 0,173403 ms MarkObjects: 5,905829 ms  DeleteObjects: 0,243029 ms)

========================================================================
Received Import Request.
  Time since last request: 361,863724 seconds.
  path: ProjectSettings/TagManager.asset
  artifactKey: Guid(00000000000000003000000000000000) Importer(815301076,1909f56bfc062723c751e8b465ee728b)
Start importing ProjectSettings/TagManager.asset using Guid(00000000000000003000000000000000) Importer(815301076,1909f56bfc062723c751e8b465ee728b)  -> (artifact id: '32b293bec4cddd3ad2725c6f65608150') in 0,022476 seconds
  Import took 0,028746 seconds .

========================================================================
Received Prepare
Registering precompiled user dll's ...
Registered in 0,016350 seconds.
Begin MonoManager ReloadAssembly
Native extension for LinuxStandalone target not found
Refreshing native plugins compatible for Editor in 0,59 ms, found 1 plugins.
Preloading 0 native plugins for Editor in 0,00 ms.
Invoked RoslynAnalysisRunner static constructor.
RoslynAnalysisRunner will not be running.
RoslynAnalysisRunner has terminated.
Mono: successfully reloaded assembly
- Completed reload, in  1,767 seconds
Platform modules already initialized, skipping
Refreshing native plugins compatible for Editor in 1,06 ms, found 1 plugins.
Preloading 0 native plugins for Editor in 0,00 ms.
Unloading 1802 Unused Serialized files (Serialized files now loaded: 0)
System memory in use before: 78,8 MB.
System memory in use after: 78,8 MB.

Unloading 13 unused Assets to reduce memory usage. Loaded Objects now: 2265.
Total: 4,965070 ms (FindLiveObjects: 0,324677 ms CreateObjectMapping: 0,127240 ms MarkObjects: 4,280053 ms  DeleteObjects: 0,229219 ms)

========================================================================
Received Prepare
Registering precompiled user dll's ...
Registered in 0,001441 seconds.
Begin MonoManager ReloadAssembly
Native extension for LinuxStandalone target not found
Refreshing native plugins compatible for Editor in 0,53 ms, found 1 plugins.
Preloading 0 native plugins for Editor in 0,00 ms.
Invoked RoslynAnalysisRunner static constructor.
RoslynAnalysisRunner will not be running.
RoslynAnalysisRunner has terminated.
Mono: successfully reloaded assembly
- Completed reload, in  1,703 seconds
Platform modules already initialized, skipping
Refreshing native plugins compatible for Editor in 0,56 ms, found 1 plugins.
Preloading 0 native plugins for Editor in 0,00 ms.
Unloading 1802 Unused Serialized files (Serialized files now loaded: 0)
System memory in use before: 78,8 MB.
System memory in use after: 78,8 MB.

Unloading 12 unused Assets to reduce memory usage. Loaded Objects now: 2269.
Total: 5,277506 ms (FindLiveObjects: 0,306831 ms CreateObjectMapping: 0,123936 ms MarkObjects: 4,569744 ms  DeleteObjects: 0,273239 ms)

========================================================================
Received Prepare
Registering precompiled user dll's ...
Registered in 0,001295 seconds.
Begin MonoManager ReloadAssembly
Native extension for LinuxStandalone target not found
Refreshing native plugins compatible for Editor in 0,75 ms, found 1 plugins.
Preloading 0 native plugins for Editor in 0,00 ms.
Invoked RoslynAnalysisRunner static constructor.
RoslynAnalysisRunner will not be running.
RoslynAnalysisRunner has terminated.
Mono: successfully reloaded assembly
- Completed reload, in  2,220 seconds
Platform modules already initialized, skipping
Refreshing native plugins compatible for Editor in 0,89 ms, found 1 plugins.
Preloading 0 native plugins for Editor in 0,00 ms.
Unloading 1802 Unused Serialized files (Serialized files now loaded: 0)
System memory in use before: 78,8 MB.
System memory in use after: 78,8 MB.

Unloading 12 unused Assets to reduce memory usage. Loaded Objects now: 2273.
Total: 7,779581 ms (FindLiveObjects: 0,536222 ms CreateObjectMapping: 0,358373 ms MarkObjects: 6,638750 ms  DeleteObjects: 0,242480 ms)

========================================================================
Received Prepare
Registering precompiled user dll's ...
Registered in 0,002168 seconds.
Begin MonoManager ReloadAssembly
Native extension for LinuxStandalone target not found
Refreshing native plugins compatible for Editor in 0,53 ms, found 1 plugins.
Preloading 0 native plugins for Editor in 0,00 ms.
Invoked RoslynAnalysisRunner static constructor.
RoslynAnalysisRunner will not be running.
RoslynAnalysisRunner has terminated.
Mono: successfully reloaded assembly
- Completed reload, in  1,876 seconds
Platform modules already initialized, skipping
Refreshing native plugins compatible for Editor in 0,52 ms, found 1 plugins.
Preloading 0 native plugins for Editor in 0,00 ms.
Unloading 1802 Unused Serialized files (Serialized files now loaded: 0)
System memory in use before: 78,8 MB.
System memory in use after: 78,8 MB.

Unloading 12 unused Assets to reduce memory usage. Loaded Objects now: 2277.
Total: 6,875209 ms (FindLiveObjects: 0,502994 ms CreateObjectMapping: 0,240055 ms MarkObjects: 5,872798 ms  DeleteObjects: 0,254614 ms)

========================================================================
Received Import Request.
  Time since last request: 736,018184 seconds.
  path: ProjectSettings/TagManager.asset
  artifactKey: Guid(00000000000000003000000000000000) Importer(815301076,1909f56bfc062723c751e8b465ee728b)
Start importing ProjectSettings/TagManager.asset using Guid(00000000000000003000000000000000) Importer(815301076,1909f56bfc062723c751e8b465ee728b)  -> (artifact id: '9857247de6cccf006f6aef66c6da6488') in 0,019775 seconds
  Import took 0,096629 seconds .

========================================================================
Received Prepare
Registering precompiled user dll's ...
Registered in 0,001444 seconds.
Begin MonoManager ReloadAssembly
Native extension for LinuxStandalone target not found
Refreshing native plugins compatible for Editor in 0,65 ms, found 1 plugins.
Preloading 0 native plugins for Editor in 0,00 ms.
Invoked RoslynAnalysisRunner static constructor.
RoslynAnalysisRunner will not be running.
RoslynAnalysisRunner has terminated.
Mono: successfully reloaded assembly
- Completed reload, in  1,948 seconds
Platform modules already initialized, skipping
Refreshing native plugins compatible for Editor in 0,53 ms, found 1 plugins.
Preloading 0 native plugins for Editor in 0,00 ms.
Unloading 1802 Unused Serialized files (Serialized files now loaded: 0)
System memory in use before: 78,8 MB.
System memory in use after: 78,8 MB.

Unloading 13 unused Assets to reduce memory usage. Loaded Objects now: 2281.
Total: 7,279611 ms (FindLiveObjects: 0,330484 ms CreateObjectMapping: 0,127802 ms MarkObjects: 6,511750 ms  DeleteObjects: 0,305509 ms)

========================================================================
Received Prepare
Registering precompiled user dll's ...
Registered in 0,002174 seconds.
Begin MonoManager ReloadAssembly
Native extension for LinuxStandalone target not found
Refreshing native plugins compatible for Editor in 0,58 ms, found 1 plugins.
Preloading 0 native plugins for Editor in 0,00 ms.
Invoked RoslynAnalysisRunner static constructor.
RoslynAnalysisRunner will not be running.
RoslynAnalysisRunner has terminated.
Mono: successfully reloaded assembly
- Completed reload, in  1,922 seconds
Platform modules already initialized, skipping
Refreshing native plugins compatible for Editor in 0,53 ms, found 1 plugins.
Preloading 0 native plugins for Editor in 0,00 ms.
Unloading 1802 Unused Serialized files (Serialized files now loaded: 0)
System memory in use before: 78,8 MB.
System memory in use after: 78,9 MB.

Unloading 12 unused Assets to reduce memory usage. Loaded Objects now: 2285.
Total: 7,632267 ms (FindLiveObjects: 0,488813 ms CreateObjectMapping: 0,287143 ms MarkObjects: 6,566927 ms  DeleteObjects: 0,285114 ms)

========================================================================
Received Import Request.
  Time since last request: 7399,845199 seconds.
  path: Assets/New Terrain.asset
  artifactKey: Guid(1749c9ded6028fded9d0088720dd6177) Importer(815301076,1909f56bfc062723c751e8b465ee728b)
Start importing Assets/New Terrain.asset using Guid(1749c9ded6028fded9d0088720dd6177) Importer(815301076,1909f56bfc062723c751e8b465ee728b)  -> (artifact id: '3954b31b4c660c9f0ab286b7880ea211') in 0,438936 seconds
  Import took 0,476639 seconds .

========================================================================
Received Prepare
Registering precompiled user dll's ...
Registered in 0,002162 seconds.
Begin MonoManager ReloadAssembly
Native extension for LinuxStandalone target not found
Refreshing native plugins compatible for Editor in 0,57 ms, found 1 plugins.
Preloading 0 native plugins for Editor in 0,00 ms.
Invoked RoslynAnalysisRunner static constructor.
RoslynAnalysisRunner will not be running.
RoslynAnalysisRunner has terminated.
Mono: successfully reloaded assembly
- Completed reload, in  1,725 seconds
Platform modules already initialized, skipping
Refreshing native plugins compatible for Editor in 0,52 ms, found 1 plugins.
Preloading 0 native plugins for Editor in 0,00 ms.
Unloading 1802 Unused Serialized files (Serialized files now loaded: 0)
System memory in use before: 79,5 MB.
System memory in use after: 79,1 MB.

Unloading 14 unused Assets to reduce memory usage. Loaded Objects now: 2290.
Total: 8,654155 ms (FindLiveObjects: 0,421955 ms CreateObjectMapping: 0,159274 ms MarkObjects: 6,759427 ms  DeleteObjects: 1,309325 ms)

========================================================================
Received Prepare
Registering precompiled user dll's ...
Registered in 0,001423 seconds.
Begin MonoManager ReloadAssembly
Native extension for LinuxStandalone target not found
Refreshing native plugins compatible for Editor in 0,63 ms, found 1 plugins.
Preloading 0 native plugins for Editor in 0,00 ms.
Invoked RoslynAnalysisRunner static constructor.
RoslynAnalysisRunner will not be running.
RoslynAnalysisRunner has terminated.
Mono: successfully reloaded assembly
- Completed reload, in  1,785 seconds
Platform modules already initialized, skipping
Refreshing native plugins compatible for Editor in 0,52 ms, found 1 plugins.
Preloading 0 native plugins for Editor in 0,00 ms.
Unloading 1802 Unused Serialized files (Serialized files now loaded: 0)
System memory in use before: 79,1 MB.
System memory in use after: 79,1 MB.

Unloading 12 unused Assets to reduce memory usage. Loaded Objects now: 2294.
Total: 6,961088 ms (FindLiveObjects: 0,452080 ms CreateObjectMapping: 0,184233 ms MarkObjects: 6,058924 ms  DeleteObjects: 0,262199 ms)

========================================================================
Received Prepare
Registering precompiled user dll's ...
Registered in 0,002161 seconds.
Begin MonoManager ReloadAssembly
Native extension for LinuxStandalone target not found
Refreshing native plugins compatible for Editor in 0,53 ms, found 1 plugins.
Preloading 0 native plugins for Editor in 0,00 ms.
Invoked RoslynAnalysisRunner static constructor.
RoslynAnalysisRunner will not be running.
RoslynAnalysisRunner has terminated.
Mono: successfully reloaded assembly
- Completed reload, in  1,827 seconds
Platform modules already initialized, skipping
Refreshing native plugins compatible for Editor in 0,53 ms, found 1 plugins.
Preloading 0 native plugins for Editor in 0,00 ms.
Unloading 1802 Unused Serialized files (Serialized files now loaded: 0)
System memory in use before: 79,1 MB.
System memory in use after: 79,1 MB.

Unloading 12 unused Assets to reduce memory usage. Loaded Objects now: 2298.
Total: 5,434386 ms (FindLiveObjects: 0,317746 ms CreateObjectMapping: 0,140291 ms MarkObjects: 4,764739 ms  DeleteObjects: 0,208039 ms)

========================================================================
Received Prepare
Registering precompiled user dll's ...
Registered in 0,002467 seconds.
Begin MonoManager ReloadAssembly
Native extension for LinuxStandalone target not found
Refreshing native plugins compatible for Editor in 0,55 ms, found 1 plugins.
Preloading 0 native plugins for Editor in 0,00 ms.
Invoked RoslynAnalysisRunner static constructor.
RoslynAnalysisRunner will not be running.
RoslynAnalysisRunner has terminated.
Mono: successfully reloaded assembly
- Completed reload, in  1,745 seconds
Platform modules already initialized, skipping
Refreshing native plugins compatible for Editor in 0,53 ms, found 1 plugins.
Preloading 0 native plugins for Editor in 0,00 ms.
Unloading 1802 Unused Serialized files (Serialized files now loaded: 0)
System memory in use before: 79,1 MB.
System memory in use after: 79,1 MB.

Unloading 12 unused Assets to reduce memory usage. Loaded Objects now: 2302.
Total: 6,678844 ms (FindLiveObjects: 0,385113 ms CreateObjectMapping: 0,170955 ms MarkObjects: 5,867792 ms  DeleteObjects: 0,251074 ms)

========================================================================
Received Prepare
Registering precompiled user dll's ...
Registered in 0,001646 seconds.
Begin MonoManager ReloadAssembly
Native extension for LinuxStandalone target not found
Refreshing native plugins compatible for Editor in 0,53 ms, found 1 plugins.
Preloading 0 native plugins for Editor in 0,00 ms.
Invoked RoslynAnalysisRunner static constructor.
RoslynAnalysisRunner will not be running.
RoslynAnalysisRunner has terminated.
Mono: successfully reloaded assembly
- Completed reload, in  1,751 seconds
Platform modules already initialized, skipping
Refreshing native plugins compatible for Editor in 0,64 ms, found 1 plugins.
Preloading 0 native plugins for Editor in 0,00 ms.
Unloading 1802 Unused Serialized files (Serialized files now loaded: 0)
System memory in use before: 79,1 MB.
System memory in use after: 79,1 MB.

Unloading 12 unused Assets to reduce memory usage. Loaded Objects now: 2306.
Total: 6,957909 ms (FindLiveObjects: 0,431382 ms CreateObjectMapping: 0,231763 ms MarkObjects: 6,033414 ms  DeleteObjects: 0,256421 ms)

========================================================================
Received Prepare
Registering precompiled user dll's ...
Registered in 0,002344 seconds.
Begin MonoManager ReloadAssembly
Native extension for LinuxStandalone target not found
Refreshing native plugins compatible for Editor in 0,55 ms, found 1 plugins.
Preloading 0 native plugins for Editor in 0,00 ms.
Invoked RoslynAnalysisRunner static constructor.
RoslynAnalysisRunner will not be running.
RoslynAnalysisRunner has terminated.
Mono: successfully reloaded assembly
- Completed reload, in  1,877 seconds
Platform modules already initialized, skipping
Refreshing native plugins compatible for Editor in 0,64 ms, found 1 plugins.
Preloading 0 native plugins for Editor in 0,00 ms.
Unloading 1802 Unused Serialized files (Serialized files now loaded: 0)
System memory in use before: 79,1 MB.
System memory in use after: 79,1 MB.

Unloading 12 unused Assets to reduce memory usage. Loaded Objects now: 2310.
Total: 5,535008 ms (FindLiveObjects: 0,318293 ms CreateObjectMapping: 0,133812 ms MarkObjects: 4,879587 ms  DeleteObjects: 0,200375 ms)

========================================================================
Received Prepare
Registering precompiled user dll's ...
Registered in 0,002533 seconds.
Begin MonoManager ReloadAssembly
Native extension for LinuxStandalone target not found
Refreshing native plugins compatible for Editor in 0,68 ms, found 1 plugins.
Preloading 0 native plugins for Editor in 0,00 ms.
Invoked RoslynAnalysisRunner static constructor.
RoslynAnalysisRunner will not be running.
RoslynAnalysisRunner has terminated.
Mono: successfully reloaded assembly
- Completed reload, in  1,882 seconds
Platform modules already initialized, skipping
Refreshing native plugins compatible for Editor in 0,55 ms, found 1 plugins.
Preloading 0 native plugins for Editor in 0,00 ms.
Unloading 1802 Unused Serialized files (Serialized files now loaded: 0)
System memory in use before: 79,1 MB.
System memory in use after: 79,1 MB.

Unloading 12 unused Assets to reduce memory usage. Loaded Objects now: 2314.
Total: 6,787208 ms (FindLiveObjects: 0,397970 ms CreateObjectMapping: 0,167371 ms MarkObjects: 5,970629 ms  DeleteObjects: 0,246916 ms)

========================================================================
Received Prepare
Registering precompiled user dll's ...
Registered in 0,001350 seconds.
Begin MonoManager ReloadAssembly
Native extension for LinuxStandalone target not found
Refreshing native plugins compatible for Editor in 0,56 ms, found 1 plugins.
Preloading 0 native plugins for Editor in 0,00 ms.
Invoked RoslynAnalysisRunner static constructor.
RoslynAnalysisRunner will not be running.
RoslynAnalysisRunner has terminated.
Mono: successfully reloaded assembly
- Completed reload, in  1,849 seconds
Platform modules already initialized, skipping
Refreshing native plugins compatible for Editor in 0,94 ms, found 1 plugins.
Preloading 0 native plugins for Editor in 0,00 ms.
Unloading 1802 Unused Serialized files (Serialized files now loaded: 0)
System memory in use before: 79,1 MB.
System memory in use after: 79,1 MB.

Unloading 12 unused Assets to reduce memory usage. Loaded Objects now: 2318.
Total: 5,786537 ms (FindLiveObjects: 0,360748 ms CreateObjectMapping: 0,197015 ms MarkObjects: 5,010817 ms  DeleteObjects: 0,213511 ms)

========================================================================
Received Prepare
Registering precompiled user dll's ...
Registered in 0,002261 seconds.
Begin MonoManager ReloadAssembly
Native extension for LinuxStandalone target not found
Refreshing native plugins compatible for Editor in 0,61 ms, found 1 plugins.
Preloading 0 native plugins for Editor in 0,00 ms.
Invoked RoslynAnalysisRunner static constructor.
RoslynAnalysisRunner will not be running.
RoslynAnalysisRunner has terminated.
Mono: successfully reloaded assembly
- Completed reload, in  2,279 seconds
Platform modules already initialized, skipping
Refreshing native plugins compatible for Editor in 0,56 ms, found 1 plugins.
Preloading 0 native plugins for Editor in 0,00 ms.
Unloading 1802 Unused Serialized files (Serialized files now loaded: 0)
System memory in use before: 79,1 MB.
System memory in use after: 79,1 MB.

Unloading 12 unused Assets to reduce memory usage. Loaded Objects now: 2322.
Total: 5,838981 ms (FindLiveObjects: 0,389848 ms CreateObjectMapping: 0,220271 ms MarkObjects: 5,009529 ms  DeleteObjects: 0,216354 ms)

========================================================================
Received Prepare
Registering precompiled user dll's ...
Registered in 0,002004 seconds.
Begin MonoManager ReloadAssembly
Native extension for LinuxStandalone target not found
Refreshing native plugins compatible for Editor in 0,88 ms, found 1 plugins.
Preloading 0 native plugins for Editor in 0,00 ms.
Invoked RoslynAnalysisRunner static constructor.
RoslynAnalysisRunner will not be running.
RoslynAnalysisRunner has terminated.
Mono: successfully reloaded assembly
- Completed reload, in  2,019 seconds
Platform modules already initialized, skipping
Refreshing native plugins compatible for Editor in 0,55 ms, found 1 plugins.
Preloading 0 native plugins for Editor in 0,00 ms.
Unloading 1802 Unused Serialized files (Serialized files now loaded: 0)
System memory in use before: 79,1 MB.
System memory in use after: 79,2 MB.

Unloading 12 unused Assets to reduce memory usage. Loaded Objects now: 2326.
Total: 7,412468 ms (FindLiveObjects: 0,343353 ms CreateObjectMapping: 0,243891 ms MarkObjects: 6,523485 ms  DeleteObjects: 0,297655 ms)

========================================================================
Received Prepare
Registering precompiled user dll's ...
Registered in 0,001431 seconds.
Begin MonoManager ReloadAssembly
Native extension for LinuxStandalone target not found
Refreshing native plugins compatible for Editor in 0,53 ms, found 1 plugins.
Preloading 0 native plugins for Editor in 0,00 ms.
Invoked RoslynAnalysisRunner static constructor.
RoslynAnalysisRunner will not be running.
RoslynAnalysisRunner has terminated.
Mono: successfully reloaded assembly
- Completed reload, in  1,921 seconds
Platform modules already initialized, skipping
Refreshing native plugins compatible for Editor in 0,55 ms, found 1 plugins.
Preloading 0 native plugins for Editor in 0,00 ms.
Unloading 1802 Unused Serialized files (Serialized files now loaded: 0)
System memory in use before: 79,2 MB.
System memory in use after: 79,2 MB.

Unloading 12 unused Assets to reduce memory usage. Loaded Objects now: 2330.
Total: 7,261940 ms (FindLiveObjects: 0,465567 ms CreateObjectMapping: 0,183588 ms MarkObjects: 6,343405 ms  DeleteObjects: 0,264571 ms)

========================================================================
Received Prepare
Registering precompiled user dll's ...
Registered in 0,001347 seconds.
Begin MonoManager ReloadAssembly
Native extension for LinuxStandalone target not found
Refreshing native plugins compatible for Editor in 0,95 ms, found 1 plugins.
Preloading 0 native plugins for Editor in 0,00 ms.
Invoked RoslynAnalysisRunner static constructor.
RoslynAnalysisRunner will not be running.
RoslynAnalysisRunner has terminated.
Mono: successfully reloaded assembly
- Completed reload, in  2,600 seconds
Platform modules already initialized, skipping
Refreshing native plugins compatible for Editor in 0,56 ms, found 1 plugins.
Preloading 0 native plugins for Editor in 0,00 ms.
Unloading 1802 Unused Serialized files (Serialized files now loaded: 0)
System memory in use before: 79,2 MB.
System memory in use after: 79,2 MB.

Unloading 12 unused Assets to reduce memory usage. Loaded Objects now: 2334.
Total: 7,418691 ms (FindLiveObjects: 0,367453 ms CreateObjectMapping: 0,167218 ms MarkObjects: 6,604303 ms  DeleteObjects: 0,275998 ms)

========================================================================
Received Prepare
Registering precompiled user dll's ...
Registered in 0,001502 seconds.
Begin MonoManager ReloadAssembly
Native extension for LinuxStandalone target not found
Refreshing native plugins compatible for Editor in 1,84 ms, found 1 plugins.
Preloading 0 native plugins for Editor in 0,00 ms.
Invoked RoslynAnalysisRunner static constructor.
RoslynAnalysisRunner will not be running.
RoslynAnalysisRunner has terminated.
Mono: successfully reloaded assembly
- Completed reload, in  2,542 seconds
Platform modules already initialized, skipping
Refreshing native plugins compatible for Editor in 1,55 ms, found 1 plugins.
Preloading 0 native plugins for Editor in 0,00 ms.
Unloading 1802 Unused Serialized files (Serialized files now loaded: 0)
System memory in use before: 79,2 MB.
System memory in use after: 79,2 MB.

Unloading 12 unused Assets to reduce memory usage. Loaded Objects now: 2338.
Total: 9,365776 ms (FindLiveObjects: 0,608293 ms CreateObjectMapping: 0,429352 ms MarkObjects: 7,611791 ms  DeleteObjects: 0,706577 ms)

========================================================================
Received Prepare
Registering precompiled user dll's ...
Registered in 0,002058 seconds.
Begin MonoManager ReloadAssembly
Native extension for LinuxStandalone target not found
Refreshing native plugins compatible for Editor in 0,55 ms, found 1 plugins.
Preloading 0 native plugins for Editor in 0,00 ms.
Invoked RoslynAnalysisRunner static constructor.
RoslynAnalysisRunner will not be running.
RoslynAnalysisRunner has terminated.
Mono: successfully reloaded assembly
- Completed reload, in  1,852 seconds
Platform modules already initialized, skipping
Refreshing native plugins compatible for Editor in 0,84 ms, found 1 plugins.
Preloading 0 native plugins for Editor in 0,00 ms.
Unloading 1802 Unused Serialized files (Serialized files now loaded: 0)
System memory in use before: 79,2 MB.
System memory in use after: 79,2 MB.

Unloading 12 unused Assets to reduce memory usage. Loaded Objects now: 2342.
Total: 5,911395 ms (FindLiveObjects: 0,363961 ms CreateObjectMapping: 0,233580 ms MarkObjects: 5,085786 ms  DeleteObjects: 0,224245 ms)

========================================================================
Received Import Request.
  Time since last request: 882,995320 seconds.
  path: Assets/New Terrain 1.asset
  artifactKey: Guid(e67f0d28699820aa38bc4e34737788b5) Importer(815301076,1909f56bfc062723c751e8b465ee728b)
Start importing Assets/New Terrain 1.asset using Guid(e67f0d28699820aa38bc4e34737788b5) Importer(815301076,1909f56bfc062723c751e8b465ee728b)  -> (artifact id: '01f7fad99c615bc1fe1afe34eea4f430') in 0,077131 seconds
  Import took 0,086335 seconds .

========================================================================
Received Import Request.
  Time since last request: 10,096401 seconds.
  path: Assets/Prefabs
  artifactKey: Guid(24852e897c7eb279c87ab0a62a054693) Importer(815301076,1909f56bfc062723c751e8b465ee728b)
Start importing Assets/Prefabs using Guid(24852e897c7eb279c87ab0a62a054693) Importer(815301076,1909f56bfc062723c751e8b465ee728b)  -> (artifact id: '21229a6450ef3ac921802812d9fb8718') in 0,001876 seconds
  Import took 0,343915 seconds .

========================================================================
Received Import Request.
  Time since last request: 3,556540 seconds.
  path: Assets/Prefabs/Player.prefab
  artifactKey: Guid(07555319671469f069950e32f2f70e5f) Importer(815301076,1909f56bfc062723c751e8b465ee728b)
Start importing Assets/Prefabs/Player.prefab using Guid(07555319671469f069950e32f2f70e5f) Importer(815301076,1909f56bfc062723c751e8b465ee728b)  -> (artifact id: '724de7cfac4c36e8e76989f209cf21c6') in 0,677857 seconds
  Import took 0,687999 seconds .

========================================================================
Received Import Request.
  Time since last request: 3,499751 seconds.
  path: Assets/Prefabs/Ground.prefab
  artifactKey: Guid(170aff65d895316e2be72b7b929da6b2) Importer(815301076,1909f56bfc062723c751e8b465ee728b)
Start importing Assets/Prefabs/Ground.prefab using Guid(170aff65d895316e2be72b7b929da6b2) Importer(815301076,1909f56bfc062723c751e8b465ee728b)  -> (artifact id: 'ec7cfae29a9985a50565bea400b72763') in 0,015380 seconds
  Import took 0,024875 seconds .

========================================================================
Received Import Request.
  Time since last request: 0,008892 seconds.
  path: Assets/Prefabs/Ground.prefab
  artifactKey: Guid(170aff65d895316e2be72b7b929da6b2) Importer(815301076,1909f56bfc062723c751e8b465ee728b)
Start importing Assets/Prefabs/Ground.prefab using Guid(170aff65d895316e2be72b7b929da6b2) Importer(815301076,1909f56bfc062723c751e8b465ee728b)  -> (artifact id: 'ec7cfae29a9985a50565bea400b72763') in 0,014025 seconds
  Import took 0,022866 seconds .

========================================================================
Received Import Request.
  Time since last request: 17,657047 seconds.
  path: Assets/Scripts/SpawnManager.cs
  artifactKey: Guid(ada05ee36bbe34a208a4ae5e3361aec7) Importer(815301076,1909f56bfc062723c751e8b465ee728b)
Start importing Assets/Scripts/SpawnManager.cs using Guid(ada05ee36bbe34a208a4ae5e3361aec7) Importer(815301076,1909f56bfc062723c751e8b465ee728b)  -> (artifact id: '9c60f2386516cc4e1620001380278cc5') in 0,003605 seconds
  Import took 0,013274 seconds .

========================================================================
Received Import Request.
  Time since last request: 0,001662 seconds.
  path: Assets/Scripts/SpawnManager.cs
  artifactKey: Guid(ada05ee36bbe34a208a4ae5e3361aec7) Importer(815301076,1909f56bfc062723c751e8b465ee728b)
Start importing Assets/Scripts/SpawnManager.cs using Guid(ada05ee36bbe34a208a4ae5e3361aec7) Importer(815301076,1909f56bfc062723c751e8b465ee728b)  -> (artifact id: '9c60f2386516cc4e1620001380278cc5') in 0,001981 seconds
  Import took 0,011820 seconds .

========================================================================
Received Prepare
Registering precompiled user dll's ...
Registered in 0,001468 seconds.
Begin MonoManager ReloadAssembly
Native extension for LinuxStandalone target not found
Refreshing native plugins compatible for Editor in 0,72 ms, found 1 plugins.
Preloading 0 native plugins for Editor in 0,00 ms.
Invoked RoslynAnalysisRunner static constructor.
RoslynAnalysisRunner will not be running.
RoslynAnalysisRunner has terminated.
Mono: successfully reloaded assembly
- Completed reload, in  1,742 seconds
Platform modules already initialized, skipping
Refreshing native plugins compatible for Editor in 0,51 ms, found 1 plugins.
Preloading 0 native plugins for Editor in 0,00 ms.
Unloading 1803 Unused Serialized files (Serialized files now loaded: 0)
System memory in use before: 81,0 MB.
System memory in use after: 80,6 MB.

Unloading 14 unused Assets to reduce memory usage. Loaded Objects now: 2354.
Total: 9,567061 ms (FindLiveObjects: 0,591880 ms CreateObjectMapping: 0,249636 ms MarkObjects: 7,277063 ms  DeleteObjects: 1,443552 ms)

========================================================================
Received Import Request.
  Time since last request: 236,794290 seconds.
  path: Assets/Scripts/Player.cs
  artifactKey: Guid(fda08d1ecdbef298ebccfc7a361820a0) Importer(815301076,1909f56bfc062723c751e8b465ee728b)
Start importing Assets/Scripts/Player.cs using Guid(fda08d1ecdbef298ebccfc7a361820a0) Importer(815301076,1909f56bfc062723c751e8b465ee728b)  -> (artifact id: '20c3a9e8f0f94b648505c64f500d7695') in 0,007761 seconds
  Import took 0,016091 seconds .

========================================================================
Received Import Request.
  Time since last request: 0,004931 seconds.
  path: Assets/Scripts/Player.cs
  artifactKey: Guid(fda08d1ecdbef298ebccfc7a361820a0) Importer(815301076,1909f56bfc062723c751e8b465ee728b)
Start importing Assets/Scripts/Player.cs using Guid(fda08d1ecdbef298ebccfc7a361820a0) Importer(815301076,1909f56bfc062723c751e8b465ee728b)  -> (artifact id: '20c3a9e8f0f94b648505c64f500d7695') in 0,001744 seconds
  Import took 0,010172 seconds .

========================================================================
Received Prepare
Registering precompiled user dll's ...
Registered in 0,001540 seconds.
Begin MonoManager ReloadAssembly
Native extension for LinuxStandalone target not found
Refreshing native plugins compatible for Editor in 0,62 ms, found 1 plugins.
Preloading 0 native plugins for Editor in 0,00 ms.
Invoked RoslynAnalysisRunner static constructor.
RoslynAnalysisRunner will not be running.
RoslynAnalysisRunner has terminated.
Mono: successfully reloaded assembly
- Completed reload, in  1,925 seconds
Platform modules already initialized, skipping
Refreshing native plugins compatible for Editor in 0,56 ms, found 1 plugins.
Preloading 0 native plugins for Editor in 0,00 ms.
Unloading 1803 Unused Serialized files (Serialized files now loaded: 0)
System memory in use before: 80,6 MB.
System memory in use after: 80,6 MB.

Unloading 12 unused Assets to reduce memory usage. Loaded Objects now: 2358.
Total: 6,026010 ms (FindLiveObjects: 0,392136 ms CreateObjectMapping: 0,225118 ms MarkObjects: 5,112500 ms  DeleteObjects: 0,291589 ms)

========================================================================
Received Prepare
Registering precompiled user dll's ...
Registered in 0,002978 seconds.
Begin MonoManager ReloadAssembly
Native extension for LinuxStandalone target not found
Refreshing native plugins compatible for Editor in 0,77 ms, found 1 plugins.
Preloading 0 native plugins for Editor in 0,00 ms.
Invoked RoslynAnalysisRunner static constructor.
RoslynAnalysisRunner will not be running.
RoslynAnalysisRunner has terminated.
Mono: successfully reloaded assembly
- Completed reload, in  1,795 seconds
Platform modules already initialized, skipping
Refreshing native plugins compatible for Editor in 0,54 ms, found 1 plugins.
Preloading 0 native plugins for Editor in 0,00 ms.
Unloading 1803 Unused Serialized files (Serialized files now loaded: 0)
System memory in use before: 80,6 MB.
System memory in use after: 80,6 MB.

Unloading 12 unused Assets to reduce memory usage. Loaded Objects now: 2362.
Total: 6,544395 ms (FindLiveObjects: 0,426812 ms CreateObjectMapping: 0,172222 ms MarkObjects: 5,689887 ms  DeleteObjects: 0,251547 ms)

========================================================================
Received Prepare
Registering precompiled user dll's ...
Registered in 0,001770 seconds.
Begin MonoManager ReloadAssembly
Native extension for LinuxStandalone target not found
Refreshing native plugins compatible for Editor in 0,90 ms, found 1 plugins.
Preloading 0 native plugins for Editor in 0,00 ms.
Invoked RoslynAnalysisRunner static constructor.
RoslynAnalysisRunner will not be running.
RoslynAnalysisRunner has terminated.
Mono: successfully reloaded assembly
- Completed reload, in  2,094 seconds
Platform modules already initialized, skipping
Refreshing native plugins compatible for Editor in 0,93 ms, found 1 plugins.
Preloading 0 native plugins for Editor in 0,00 ms.
Unloading 1803 Unused Serialized files (Serialized files now loaded: 0)
System memory in use before: 80,6 MB.
System memory in use after: 80,6 MB.

Unloading 12 unused Assets to reduce memory usage. Loaded Objects now: 2366.
Total: 7,469727 ms (FindLiveObjects: 0,485329 ms CreateObjectMapping: 0,195805 ms MarkObjects: 6,486238 ms  DeleteObjects: 0,298212 ms)

========================================================================
Received Prepare
Registering precompiled user dll's ...
Registered in 0,002401 seconds.
Begin MonoManager ReloadAssembly
Native extension for LinuxStandalone target not found
Refreshing native plugins compatible for Editor in 0,56 ms, found 1 plugins.
Preloading 0 native plugins for Editor in 0,00 ms.
Invoked RoslynAnalysisRunner static constructor.
RoslynAnalysisRunner will not be running.
RoslynAnalysisRunner has terminated.
Mono: successfully reloaded assembly
- Completed reload, in  1,867 seconds
Platform modules already initialized, skipping
Refreshing native plugins compatible for Editor in 0,57 ms, found 1 plugins.
Preloading 0 native plugins for Editor in 0,00 ms.
Unloading 1803 Unused Serialized files (Serialized files now loaded: 0)
System memory in use before: 80,6 MB.
System memory in use after: 80,6 MB.

Unloading 12 unused Assets to reduce memory usage. Loaded Objects now: 2370.
Total: 5,957286 ms (FindLiveObjects: 0,477949 ms CreateObjectMapping: 0,356776 ms MarkObjects: 4,884298 ms  DeleteObjects: 0,233945 ms)

========================================================================
Received Prepare
Registering precompiled user dll's ...
Registered in 0,001495 seconds.
Begin MonoManager ReloadAssembly
Native extension for LinuxStandalone target not found
Refreshing native plugins compatible for Editor in 0,77 ms, found 1 plugins.
Preloading 0 native plugins for Editor in 0,00 ms.
Invoked RoslynAnalysisRunner static constructor.
RoslynAnalysisRunner will not be running.
RoslynAnalysisRunner has terminated.
Mono: successfully reloaded assembly
- Completed reload, in  1,831 seconds
Platform modules already initialized, skipping
Refreshing native plugins compatible for Editor in 0,53 ms, found 1 plugins.
Preloading 0 native plugins for Editor in 0,00 ms.
Unloading 1803 Unused Serialized files (Serialized files now loaded: 0)
System memory in use before: 80,6 MB.
System memory in use after: 80,7 MB.

Unloading 12 unused Assets to reduce memory usage. Loaded Objects now: 2374.
Total: 7,099797 ms (FindLiveObjects: 0,370778 ms CreateObjectMapping: 0,128595 ms MarkObjects: 6,343979 ms  DeleteObjects: 0,252346 ms)

========================================================================
Received Prepare
Registering precompiled user dll's ...
Registered in 0,002898 seconds.
Begin MonoManager ReloadAssembly
Native extension for LinuxStandalone target not found
Refreshing native plugins compatible for Editor in 0,59 ms, found 1 plugins.
Preloading 0 native plugins for Editor in 0,00 ms.
Invoked RoslynAnalysisRunner static constructor.
RoslynAnalysisRunner will not be running.
RoslynAnalysisRunner has terminated.
Mono: successfully reloaded assembly
- Completed reload, in  1,828 seconds
Platform modules already initialized, skipping
Refreshing native plugins compatible for Editor in 0,55 ms, found 1 plugins.
Preloading 0 native plugins for Editor in 0,00 ms.
Unloading 1803 Unused Serialized files (Serialized files now loaded: 0)
System memory in use before: 80,6 MB.
System memory in use after: 80,7 MB.

Unloading 12 unused Assets to reduce memory usage. Loaded Objects now: 2378.
Total: 9,227777 ms (FindLiveObjects: 0,520076 ms CreateObjectMapping: 0,338773 ms MarkObjects: 7,806586 ms  DeleteObjects: 0,557257 ms)

========================================================================
Received Prepare
Registering precompiled user dll's ...
Registered in 0,001739 seconds.
Begin MonoManager ReloadAssembly
Native extension for LinuxStandalone target not found
Refreshing native plugins compatible for Editor in 0,56 ms, found 1 plugins.
Preloading 0 native plugins for Editor in 0,00 ms.
Invoked RoslynAnalysisRunner static constructor.
RoslynAnalysisRunner will not be running.
RoslynAnalysisRunner has terminated.
Mono: successfully reloaded assembly
- Completed reload, in  1,774 seconds
Platform modules already initialized, skipping
Refreshing native plugins compatible for Editor in 0,52 ms, found 1 plugins.
Preloading 0 native plugins for Editor in 0,00 ms.
Unloading 1803 Unused Serialized files (Serialized files now loaded: 0)
System memory in use before: 80,7 MB.
System memory in use after: 80,7 MB.

Unloading 12 unused Assets to reduce memory usage. Loaded Objects now: 2382.
Total: 7,153147 ms (FindLiveObjects: 0,356716 ms CreateObjectMapping: 0,143461 ms MarkObjects: 6,379996 ms  DeleteObjects: 0,269090 ms)

========================================================================
Received Prepare
Registering precompiled user dll's ...
Registered in 0,002129 seconds.
Begin MonoManager ReloadAssembly
Native extension for LinuxStandalone target not found
Refreshing native plugins compatible for Editor in 0,71 ms, found 1 plugins.
Preloading 0 native plugins for Editor in 0,00 ms.
Invoked RoslynAnalysisRunner static constructor.
RoslynAnalysisRunner will not be running.
RoslynAnalysisRunner has terminated.
Mono: successfully reloaded assembly
- Completed reload, in  1,734 seconds
Platform modules already initialized, skipping
Refreshing native plugins compatible for Editor in 0,53 ms, found 1 plugins.
Preloading 0 native plugins for Editor in 0,00 ms.
Unloading 1803 Unused Serialized files (Serialized files now loaded: 0)
System memory in use before: 80,7 MB.
System memory in use after: 80,7 MB.

Unloading 12 unused Assets to reduce memory usage. Loaded Objects now: 2386.
Total: 7,009696 ms (FindLiveObjects: 0,386132 ms CreateObjectMapping: 0,165048 ms MarkObjects: 6,203801 ms  DeleteObjects: 0,251040 ms)

========================================================================
Received Prepare
Registering precompiled user dll's ...
Registered in 0,001441 seconds.
Begin MonoManager ReloadAssembly
Native extension for LinuxStandalone target not found
Refreshing native plugins compatible for Editor in 0,54 ms, found 1 plugins.
Preloading 0 native plugins for Editor in 0,00 ms.
Invoked RoslynAnalysisRunner static constructor.
RoslynAnalysisRunner will not be running.
RoslynAnalysisRunner has terminated.
Mono: successfully reloaded assembly
- Completed reload, in  1,756 seconds
Platform modules already initialized, skipping
Refreshing native plugins compatible for Editor in 0,53 ms, found 1 plugins.
Preloading 0 native plugins for Editor in 0,00 ms.
Unloading 1803 Unused Serialized files (Serialized files now loaded: 0)
System memory in use before: 80,7 MB.
System memory in use after: 80,7 MB.

Unloading 12 unused Assets to reduce memory usage. Loaded Objects now: 2390.
Total: 7,032865 ms (FindLiveObjects: 0,346854 ms CreateObjectMapping: 0,127220 ms MarkObjects: 6,286938 ms  DeleteObjects: 0,267840 ms)

========================================================================
Received Prepare
Registering precompiled user dll's ...
Registered in 0,001344 seconds.
Begin MonoManager ReloadAssembly
Native extension for LinuxStandalone target not found
Refreshing native plugins compatible for Editor in 0,55 ms, found 1 plugins.
Preloading 0 native plugins for Editor in 0,00 ms.
Invoked RoslynAnalysisRunner static constructor.
RoslynAnalysisRunner will not be running.
RoslynAnalysisRunner has terminated.
Mono: successfully reloaded assembly
- Completed reload, in  1,832 seconds
Platform modules already initialized, skipping
Refreshing native plugins compatible for Editor in 0,53 ms, found 1 plugins.
Preloading 0 native plugins for Editor in 0,00 ms.
Unloading 1803 Unused Serialized files (Serialized files now loaded: 0)
System memory in use before: 80,7 MB.
System memory in use after: 80,7 MB.

Unloading 12 unused Assets to reduce memory usage. Loaded Objects now: 2394.
Total: 5,779689 ms (FindLiveObjects: 0,359265 ms CreateObjectMapping: 0,146459 ms MarkObjects: 5,045248 ms  DeleteObjects: 0,225053 ms)

========================================================================
Received Import Request.
  Time since last request: 1052,930615 seconds.
  path: Assets/Scripts/SpawnManager.cs
  artifactKey: Guid(ada05ee36bbe34a208a4ae5e3361aec7) Importer(815301076,1909f56bfc062723c751e8b465ee728b)
Start importing Assets/Scripts/SpawnManager.cs using Guid(ada05ee36bbe34a208a4ae5e3361aec7) Importer(815301076,1909f56bfc062723c751e8b465ee728b)  -> (artifact id: '4b17de24c9638ae955678bec22c2ac1c') in 0,538525 seconds
  Import took 0,662161 seconds .

========================================================================
Received Import Request.
  Time since last request: 0,233776 seconds.
  path: Assets/Scripts/SpawnManager.cs
  artifactKey: Guid(ada05ee36bbe34a208a4ae5e3361aec7) Importer(815301076,1909f56bfc062723c751e8b465ee728b)
Start importing Assets/Scripts/SpawnManager.cs using Guid(ada05ee36bbe34a208a4ae5e3361aec7) Importer(815301076,1909f56bfc062723c751e8b465ee728b)  -> (artifact id: '4b17de24c9638ae955678bec22c2ac1c') in 0,001933 seconds
  Import took 0,058283 seconds .

========================================================================
Received Import Request.
  Time since last request: 93,276259 seconds.
  path: Assets/Scripts/Player.cs
  artifactKey: Guid(fda08d1ecdbef298ebccfc7a361820a0) Importer(815301076,1909f56bfc062723c751e8b465ee728b)
Start importing Assets/Scripts/Player.cs using Guid(fda08d1ecdbef298ebccfc7a361820a0) Importer(815301076,1909f56bfc062723c751e8b465ee728b)  -> (artifact id: '174737d32f445b8bb47fc508a5a5e955') in 0,019634 seconds
  Import took 0,029718 seconds .

========================================================================
Received Import Request.
  Time since last request: 244,499150 seconds.
  path: Assets/Scripts/Player.cs
  artifactKey: Guid(fda08d1ecdbef298ebccfc7a361820a0) Importer(815301076,1909f56bfc062723c751e8b465ee728b)
Start importing Assets/Scripts/Player.cs using Guid(fda08d1ecdbef298ebccfc7a361820a0) Importer(815301076,1909f56bfc062723c751e8b465ee728b)  -> (artifact id: 'b073c41734578b457cb1fc6bb22e010a') in 0,002148 seconds
  Import took 0,022046 seconds .

========================================================================
Received Prepare
Registering precompiled user dll's ...
Registered in 0,008748 seconds.
Begin MonoManager ReloadAssembly
Native extension for LinuxStandalone target not found
Refreshing native plugins compatible for Editor in 0,75 ms, found 1 plugins.
Preloading 0 native plugins for Editor in 0,00 ms.
Invoked RoslynAnalysisRunner static constructor.
RoslynAnalysisRunner will not be running.
RoslynAnalysisRunner has terminated.
Mono: successfully reloaded assembly
- Completed reload, in  1,703 seconds
Platform modules already initialized, skipping
Refreshing native plugins compatible for Editor in 1,04 ms, found 1 plugins.
Preloading 0 native plugins for Editor in 0,00 ms.
Unloading 1803 Unused Serialized files (Serialized files now loaded: 0)
System memory in use before: 80,7 MB.
System memory in use after: 80,7 MB.

Unloading 12 unused Assets to reduce memory usage. Loaded Objects now: 2398.
Total: 5,226473 ms (FindLiveObjects: 0,374846 ms CreateObjectMapping: 0,136941 ms MarkObjects: 4,505668 ms  DeleteObjects: 0,205149 ms)

========================================================================
Received Import Request.
  Time since last request: 54,681908 seconds.
  path: Assets/Scripts/Player.cs
  artifactKey: Guid(fda08d1ecdbef298ebccfc7a361820a0) Importer(815301076,1909f56bfc062723c751e8b465ee728b)
Start importing Assets/Scripts/Player.cs using Guid(fda08d1ecdbef298ebccfc7a361820a0) Importer(815301076,1909f56bfc062723c751e8b465ee728b)  -> (artifact id: '1d9032d198c35cb0fdb7fb92f31847a0') in 0,006113 seconds
  Import took 0,011848 seconds .

========================================================================
Received Import Request.
  Time since last request: 0,009737 seconds.
  path: Assets/Scripts/Player.cs
  artifactKey: Guid(fda08d1ecdbef298ebccfc7a361820a0) Importer(815301076,1909f56bfc062723c751e8b465ee728b)
Start importing Assets/Scripts/Player.cs using Guid(fda08d1ecdbef298ebccfc7a361820a0) Importer(815301076,1909f56bfc062723c751e8b465ee728b)  -> (artifact id: '1d9032d198c35cb0fdb7fb92f31847a0') in 0,001251 seconds
  Import took 0,006992 seconds .

========================================================================
Received Prepare
Registering precompiled user dll's ...
Registered in 0,001357 seconds.
Begin MonoManager ReloadAssembly
Native extension for LinuxStandalone target not found
Refreshing native plugins compatible for Editor in 1,37 ms, found 1 plugins.
Preloading 0 native plugins for Editor in 0,00 ms.
Invoked RoslynAnalysisRunner static constructor.
RoslynAnalysisRunner will not be running.
RoslynAnalysisRunner has terminated.
Mono: successfully reloaded assembly
- Completed reload, in  2,337 seconds
Platform modules already initialized, skipping
Refreshing native plugins compatible for Editor in 1,46 ms, found 1 plugins.
Preloading 0 native plugins for Editor in 0,00 ms.
Unloading 1803 Unused Serialized files (Serialized files now loaded: 0)
System memory in use before: 80,7 MB.
System memory in use after: 80,7 MB.

Unloading 12 unused Assets to reduce memory usage. Loaded Objects now: 2402.
Total: 10,794182 ms (FindLiveObjects: 0,796931 ms CreateObjectMapping: 0,244296 ms MarkObjects: 8,863332 ms  DeleteObjects: 0,877658 ms)

========================================================================
Received Import Request.
  Time since last request: 22,866190 seconds.
  path: Assets/Prefabs/Player.prefab
  artifactKey: Guid(07555319671469f069950e32f2f70e5f) Importer(815301076,1909f56bfc062723c751e8b465ee728b)
Start importing Assets/Prefabs/Player.prefab using Guid(07555319671469f069950e32f2f70e5f) Importer(815301076,1909f56bfc062723c751e8b465ee728b)  -> (artifact id: 'ecddb6bff35b06889b6cc24cbeef57cd') in 0,525459 seconds
  Import took 0,532051 seconds .

========================================================================
Received Prepare
Registering precompiled user dll's ...
Registered in 0,001547 seconds.
Begin MonoManager ReloadAssembly
Native extension for LinuxStandalone target not found
Refreshing native plugins compatible for Editor in 0,56 ms, found 1 plugins.
Preloading 0 native plugins for Editor in 0,00 ms.
Invoked RoslynAnalysisRunner static constructor.
RoslynAnalysisRunner will not be running.
RoslynAnalysisRunner has terminated.
Mono: successfully reloaded assembly
- Completed reload, in  1,822 seconds
Platform modules already initialized, skipping
Refreshing native plugins compatible for Editor in 0,53 ms, found 1 plugins.
Preloading 0 native plugins for Editor in 0,00 ms.
Unloading 1803 Unused Serialized files (Serialized files now loaded: 0)
System memory in use before: 80,7 MB.
System memory in use after: 80,7 MB.

Unloading 12 unused Assets to reduce memory usage. Loaded Objects now: 2407.
Total: 7,100346 ms (FindLiveObjects: 0,352857 ms CreateObjectMapping: 0,144205 ms MarkObjects: 6,321410 ms  DeleteObjects: 0,277434 ms)

========================================================================
Received Prepare
Registering precompiled user dll's ...
Registered in 0,002460 seconds.
Begin MonoManager ReloadAssembly
Native extension for LinuxStandalone target not found
Refreshing native plugins compatible for Editor in 1,18 ms, found 1 plugins.
Preloading 0 native plugins for Editor in 0,00 ms.
Invoked RoslynAnalysisRunner static constructor.
RoslynAnalysisRunner will not be running.
RoslynAnalysisRunner has terminated.
Mono: successfully reloaded assembly
- Completed reload, in  3,186 seconds
Platform modules already initialized, skipping
Refreshing native plugins compatible for Editor in 0,94 ms, found 1 plugins.
Preloading 0 native plugins for Editor in 0,00 ms.
Unloading 1803 Unused Serialized files (Serialized files now loaded: 0)
System memory in use before: 80,7 MB.
System memory in use after: 80,7 MB.

Unloading 12 unused Assets to reduce memory usage. Loaded Objects now: 2411.
Total: 8,085294 ms (FindLiveObjects: 0,486666 ms CreateObjectMapping: 0,277283 ms MarkObjects: 7,044025 ms  DeleteObjects: 0,273497 ms)

========================================================================
Received Prepare
Registering precompiled user dll's ...
Registered in 0,001314 seconds.
Begin MonoManager ReloadAssembly
Native extension for LinuxStandalone target not found
Refreshing native plugins compatible for Editor in 0,55 ms, found 1 plugins.
Preloading 0 native plugins for Editor in 0,00 ms.
Invoked RoslynAnalysisRunner static constructor.
RoslynAnalysisRunner will not be running.
RoslynAnalysisRunner has terminated.
Mono: successfully reloaded assembly
- Completed reload, in  1,750 seconds
Platform modules already initialized, skipping
Refreshing native plugins compatible for Editor in 0,91 ms, found 1 plugins.
Preloading 0 native plugins for Editor in 0,00 ms.
Unloading 1803 Unused Serialized files (Serialized files now loaded: 0)
System memory in use before: 80,7 MB.
System memory in use after: 80,7 MB.

Unloading 12 unused Assets to reduce memory usage. Loaded Objects now: 2415.
Total: 6,204800 ms (FindLiveObjects: 0,559563 ms CreateObjectMapping: 0,286156 ms MarkObjects: 5,112703 ms  DeleteObjects: 0,242244 ms)

========================================================================
Received Prepare
Registering precompiled user dll's ...
Registered in 0,001421 seconds.
Begin MonoManager ReloadAssembly
Native extension for LinuxStandalone target not found
Refreshing native plugins compatible for Editor in 2,34 ms, found 1 plugins.
Preloading 0 native plugins for Editor in 0,00 ms.
Invoked RoslynAnalysisRunner static constructor.
RoslynAnalysisRunner will not be running.
RoslynAnalysisRunner has terminated.
Mono: successfully reloaded assembly
- Completed reload, in  2,717 seconds
Platform modules already initialized, skipping
Refreshing native plugins compatible for Editor in 0,59 ms, found 1 plugins.
Preloading 0 native plugins for Editor in 0,00 ms.
Unloading 1803 Unused Serialized files (Serialized files now loaded: 0)
System memory in use before: 80,7 MB.
System memory in use after: 80,7 MB.

Unloading 12 unused Assets to reduce memory usage. Loaded Objects now: 2419.
Total: 8,958211 ms (FindLiveObjects: 0,636255 ms CreateObjectMapping: 0,766546 ms MarkObjects: 7,257072 ms  DeleteObjects: 0,294779 ms)

========================================================================
Received Import Request.
  Time since last request: 1646,416455 seconds.
  path: Assets/Prefabs/Player.prefab
  artifactKey: Guid(07555319671469f069950e32f2f70e5f) Importer(815301076,1909f56bfc062723c751e8b465ee728b)
Start importing Assets/Prefabs/Player.prefab using Guid(07555319671469f069950e32f2f70e5f) Importer(815301076,1909f56bfc062723c751e8b465ee728b)  -> (artifact id: '182ecb45485e49321b50f76432f0397c') in 0,113018 seconds
  Import took 0,120055 seconds .

========================================================================
Received Prepare
Registering precompiled user dll's ...
Registered in 0,002090 seconds.
Begin MonoManager ReloadAssembly
Native extension for LinuxStandalone target not found
Refreshing native plugins compatible for Editor in 0,60 ms, found 1 plugins.
Preloading 0 native plugins for Editor in 0,00 ms.
Invoked RoslynAnalysisRunner static constructor.
RoslynAnalysisRunner will not be running.
RoslynAnalysisRunner has terminated.
Mono: successfully reloaded assembly
- Completed reload, in  1,690 seconds
Platform modules already initialized, skipping
Refreshing native plugins compatible for Editor in 0,67 ms, found 1 plugins.
Preloading 0 native plugins for Editor in 0,00 ms.
Unloading 1803 Unused Serialized files (Serialized files now loaded: 0)
System memory in use before: 80,7 MB.
System memory in use after: 80,8 MB.

Unloading 12 unused Assets to reduce memory usage. Loaded Objects now: 2424.
Total: 5,735434 ms (FindLiveObjects: 0,404292 ms CreateObjectMapping: 0,229117 ms MarkObjects: 4,892885 ms  DeleteObjects: 0,206434 ms)

========================================================================
Received Prepare
Registering precompiled user dll's ...
Registered in 0,001416 seconds.
Begin MonoManager ReloadAssembly
Native extension for LinuxStandalone target not found
Refreshing native plugins compatible for Editor in 1,21 ms, found 1 plugins.
Preloading 0 native plugins for Editor in 0,00 ms.
Invoked RoslynAnalysisRunner static constructor.
RoslynAnalysisRunner will not be running.
RoslynAnalysisRunner has terminated.
Mono: successfully reloaded assembly
- Completed reload, in  1,903 seconds
Platform modules already initialized, skipping
Refreshing native plugins compatible for Editor in 0,53 ms, found 1 plugins.
Preloading 0 native plugins for Editor in 0,00 ms.
Unloading 1803 Unused Serialized files (Serialized files now loaded: 0)
System memory in use before: 80,7 MB.
System memory in use after: 80,8 MB.

Unloading 12 unused Assets to reduce memory usage. Loaded Objects now: 2428.
Total: 6,277489 ms (FindLiveObjects: 0,323796 ms CreateObjectMapping: 0,141251 ms MarkObjects: 5,512650 ms  DeleteObjects: 0,295831 ms)

========================================================================
Received Prepare
Registering precompiled user dll's ...
Registered in 0,001446 seconds.
Begin MonoManager ReloadAssembly
Native extension for LinuxStandalone target not found
Refreshing native plugins compatible for Editor in 0,53 ms, found 1 plugins.
Preloading 0 native plugins for Editor in 0,00 ms.
Invoked RoslynAnalysisRunner static constructor.
RoslynAnalysisRunner will not be running.
RoslynAnalysisRunner has terminated.
Mono: successfully reloaded assembly
- Completed reload, in  1,847 seconds
Platform modules already initialized, skipping
Refreshing native plugins compatible for Editor in 0,60 ms, found 1 plugins.
Preloading 0 native plugins for Editor in 0,00 ms.
Unloading 1803 Unused Serialized files (Serialized files now loaded: 0)
System memory in use before: 80,8 MB.
System memory in use after: 80,8 MB.

Unloading 12 unused Assets to reduce memory usage. Loaded Objects now: 2432.
Total: 6,498425 ms (FindLiveObjects: 0,455675 ms CreateObjectMapping: 0,201838 ms MarkObjects: 5,543676 ms  DeleteObjects: 0,293203 ms)

AssetImportWorkerClient::OnTransportError - code=2 error=End of file
